Case #1: ()(((())()()()()()))
Case #2: (()((()))()(())()())
Case #3: (()(((())))())
Case #4: ((())((()))(()))()()
Case #5: ()(())
Case #6: ((())())()()
Case #7: ((()))(((((())))()))
Case #8: (((()())(())(()())))
Case #9: Doesn't Exist!
Case #10: ()(()())
Case #11: ((())((()))(()()))
Case #12: (()()())((()))()
Case #13: Doesn't Exist!
Case #14: (((())))(())(())(())
Case #15: Doesn't Exist!
Case #16: Doesn't Exist!
Case #17: (()())(()(()))()
Case #18: ()(((())(()))())
Case #19: Doesn't Exist!
Case #20: ((()()))(()()()())
Case #21: (((()()))()())(()())
Case #22: (())
Case #23: Doesn't Exist!
Case #24: Doesn't Exist!
Case #25: ()
Case #26: (()())
Case #27: Doesn't Exist!
Case #28: (((()()(())))(()))
Case #29: Doesn't Exist!
Case #30: Doesn't Exist!
Case #31: ((()())(()()(())))
Case #32: (((()())))
Case #33: (())(())
Case #34: (())((())()())()()
Case #35: ((()()((()())))()())
Case #36: Doesn't Exist!
Case #37: Doesn't Exist!
Case #38: Doesn't Exist!
Case #39: Doesn't Exist!
Case #40: (())(((()))()())()
Case #41: Doesn't Exist!
Case #42: Doesn't Exist!
Case #43: Doesn't Exist!
Case #44: Doesn't Exist!
Case #45: Doesn't Exist!
Case #46: Doesn't Exist!
Case #47: (())(()())
Case #48: ((()((())))())
Case #49: (())()
Case #50: Doesn't Exist!
Case #51: ((())(())(((()))))
Case #52: Doesn't Exist!
Case #53: ()()(())()
Case #54: ()()(()()())()
Case #55: Doesn't Exist!
Case #56: (())(())
Case #57: Doesn't Exist!
Case #58: (()(()))()()()(()())
Case #59: Doesn't Exist!
Case #60: ()((()))
Case #61: ()(()())(())
Case #62: Doesn't Exist!
Case #63: Doesn't Exist!
Case #64: Doesn't Exist!
Case #65: ()()()
Case #66: Doesn't Exist!
Case #67: (()(())())
Case #68: Doesn't Exist!
Case #69: ((((()((())())))))
Case #70: (()()(()())())
Case #71: Doesn't Exist!
Case #72: Doesn't Exist!
Case #73: ()()(((()))(()))(())
Case #74: Doesn't Exist!
Case #75: (()()((()(()()))))
Case #76: ()(()())
Case #77: ()(()())
Case #78: (((()(())())()))()
Case #79: ()()
Case #80: Doesn't Exist!
Case #81: ((()())(()()()))()
Case #82: ((()))
Case #83: Doesn't Exist!
Case #84: (()())(()()())()()
Case #85: ()(())((()()))()
Case #86: Doesn't Exist!
Case #87: Doesn't Exist!
Case #88: Doesn't Exist!
Case #89: Doesn't Exist!
Case #90: Doesn't Exist!
Case #91: (()((()))())(())()
Case #92: ()((())()())
Case #93: (())(())(())()()
Case #94: Doesn't Exist!
Case #95: Doesn't Exist!
Case #96: Doesn't Exist!
Case #97: ()(()()())((()()))
